BasicLearn/lauchmodule/build/intermediates/manifest_merge_blame_file/debug/manifest-merger-blame-debug-report.txt
1<?xml version="1.0" encoding="utf-8"?>
2<manifest xmlns:android="http://schemas.android.com/apk/res/android"
3    package="com.example.lauchmodule"
4    android:versionCode="1"
5    android:versionName="1.0" >
6
7    <uses-sdk
8        android:minSdkVersion="15"
8-->src\main\AndroidManifest.xml
9        android:targetSdkVersion="29" />
9-->src\main\AndroidManifest.xml
10
11    <application>
11-->src\main\AndroidManifest.xml:5:5-15:19
12        <activity android:name="com.example.lauchmodule.LaunchActivity" >
12-->src\main\AndroidManifest.xml:6:9-14:20
12-->src\main\AndroidManifest.xml:6:19-49
13            <intent-filter>
13-->src\main\AndroidManifest.xml:7:13-13:29
14                <action android:name="android.intent.action.VIEW" />
14-->src\main\AndroidManifest.xml:8:17-68
14-->src\main\AndroidManifest.xml:8:25-66
15                <action android:name="android.intent.action.MAIN" />
15-->src\main\AndroidManifest.xml:10:17-68
15-->src\main\AndroidManifest.xml:10:25-66
16
17                <category android:name="android.intent.category.LAUNCHER" />
17-->src\main\AndroidManifest.xml:12:17-76
17-->src\main\AndroidManifest.xml:12:27-74
18            </intent-filter>
19        </activity>
20    </application>
21
22</manifest>